<?xml version="1.0" encoding="UTF-8"?>
<testng-results skipped="0" failed="0" total="1" passed="1">
  <reporter-output>
  </reporter-output>
  <suite name="Default suite" duration-ms="41195" started-at="2015-09-08T06:27:14Z" finished-at="2015-09-08T06:27:55Z">
    <groups>
    </groups>
    <test name="Default test" duration-ms="41195" started-at="2015-09-08T06:27:14Z" finished-at="2015-09-08T06:27:55Z">
      <class name="Navigation.MultipleWindowHandling">
        <test-method status="PASS" signature="setUp()[pri:0, instance:Navigation.MultipleWindowHandling@553bf378]" name="setUp" is-config="true" duration-ms="12741" started-at="2015-09-08T11:57:14Z" finished-at="2015-09-08T11:57:27Z">
          <reporter-output>
          </reporter-output>
        </test-method> <!-- setUp -->
        <test-method status="PASS" signature="multiplewindowTest()[pri:0, instance:Navigation.MultipleWindowHandling@553bf378]" name="multiplewindowTest" duration-ms="26392" started-at="2015-09-08T11:57:27Z" finished-at="2015-09-08T11:57:53Z">
          <reporter-output>
          </reporter-output>
        </test-method> <!-- multiplewindowTest -->
        <test-method status="PASS" signature="closeAll()[pri:0, instance:Navigation.MultipleWindowHandling@553bf378]" name="closeAll" is-config="true" duration-ms="2047" started-at="2015-09-08T11:57:53Z" finished-at="2015-09-08T11:57:55Z">
          <reporter-output>
          </reporter-output>
        </test-method> <!-- closeAll -->
      </class> <!-- Navigation.MultipleWindowHandling -->
    </test> <!-- Default test -->
  </suite> <!-- Default suite -->
</testng-results>
